<?xml version="1.0" encoding="UTF-8"?>
<testng-results skipped="0" failed="0" ignored="0" total="1" passed="1">
  <reporter-output>
  </reporter-output>
  <suite name="Wallethu2" duration-ms="99377" started-at="2022-05-17T11:16:23Z" finished-at="2022-05-17T11:18:02Z">
    <groups>
    </groups>
    <test name="wallethub" duration-ms="99377" started-at="2022-05-17T11:16:23Z" finished-at="2022-05-17T11:18:02Z">
      <class name="com.Wallethu2.testCases.TC_LoginTest_001">
        <test-method status="PASS" signature="setup(java.lang.String)[pri:0, instance:com.Wallethu2.testCases.TC_LoginTest_001@464bee09]" name="setup" is-config="true" duration-ms="27687" started-at="2022-05-17T11:16:23Z" finished-at="2022-05-17T11:16:51Z">
          <params>
            <param index="0">
              <value>
                <![CDATA[chrome]]>
              </value>
            </param>
          </params>
          <reporter-output>
          </reporter-output>
        </test-method> <!-- setup -->
        <test-method status="PASS" signature="loginTest()[pri:0, instance:com.Wallethu2.testCases.TC_LoginTest_001@464bee09]" name="loginTest" duration-ms="70579" started-at="2022-05-17T11:16:51Z" finished-at="2022-05-17T11:18:01Z">
          <reporter-output>
          </reporter-output>
        </test-method> <!-- loginTest -->
        <test-method status="PASS" signature="tearDown()[pri:0, instance:com.Wallethu2.testCases.TC_LoginTest_001@464bee09]" name="tearDown" is-config="true" duration-ms="736" started-at="2022-05-17T11:18:01Z" finished-at="2022-05-17T11:18:02Z">
          <reporter-output>
          </reporter-output>
        </test-method> <!-- tearDown -->
      </class> <!-- com.Wallethu2.testCases.TC_LoginTest_001 -->
    </test> <!-- wallethub -->
  </suite> <!-- Wallethu2 -->
</testng-results>
